344805595
344805595
-691800951
430257205
430257205
488771831
488771831
488771831
198142355
198142355
810812165
810812165
810812165
810812165
810812165
-441775632
-869815854
-401463542
-401463542
-401463542
729153612
729153612
729153612
972911625
972911625
972911625
972911625
972911625
972911625
762752161
762752161
762752161
762752161
784805773
784805773
784805773
784805773
784805773
784805773
784805773
784805773
784805773
784805773
784805773
784805773
784805773
784805773
784805773
784805773
539229194
539229194
539229194
539229194
539229194
539229194
539229194
539229194
539229194
539229194
539229194
539229194
539229194
919376545
919376545
919376545
919376545
919376545
919376545
919376545
919376545
919376545
919376545
919376545
919376545
919376545
964771471
964771471
964771471
964771471
964771471
964771471
964771471
964771471
964771471
964771471
964771471
964771471
964771471
969530092
969530092
969530092
969530092
969530092
969530092
969530092
969530092
969530092
969530092
790707732
790707732
790707732
790707732
790707732
208318011
208318011
-933480952
103481504
103481504
103481504
103481504
103481504
701147407
701147407
701147407
701147407
701147407
701147407
701147407
251947025
251947025
251947025
251947025
-517697324
-517697324
-517697324
330419358
362872997
362872997
362872997
860910122
860910122
860910122
860910122
860910122
860910122
860910122
860910122
860910122
860910122
860910122
860910122
860910122
860910122
908774688
908774688
908774688
908774688
908774688
908774688
908774688
908774688
908774688
908774688
908774688
908774688
908774688
908774688
908774688
908774688
908774688
908774688
908774688
908774688
908774688
908774688
908774688
697311136
697311136
697311136
697311136
594639817
594639817
594639817
594639817
594639817
594639817
668033381
668033381
668033381
848632629
848632629
848632629
848632629
848632629
848632629
848632629
848632629
848632629
848632629
947607192
947607192
947607192
947607192
947607192
947607192
947607192
947607192
947607192
947607192
947607192
947607192
947607192
947607192
947607192
947607192
947607192
947607192
947607192
947607192
947607192
947607192
947607192
947607192
947607192
947607192
777882028
777882028
777882028
777882028
777882028
777882028
777882028
777882028
777882028
777882028
754148198
754148198
754148198
754148198
754148198
754148198
754148198
754148198
754148198
754148198
754148198
754148198
754148198
754148198
754148198
754148198
907015723
907015723
907015723
907015723
907015723
907015723
907015723
907015723
907015723
907015723
907015723
907015723
907015723
907015723
907015723
907015723
975303154
975303154
975303154
975303154
975303154
975303154
975303154
975303154
975303154
975303154
975303154
975303154
975303154
975303154
975303154
975303154
975303154
991489251
991489251
991489251
991489251
991489251
991489251
991489251
991489251
991489251
991489251
991489251
991489251
991489251
991489251
991489251
991489251
991489251
991489251
991489251
991489251
991489251
991489251
991489251
991489251
991489251
991489251
991489251
991489251
991489251
991489251
991489251
991489251
991489251
991489251
954021201
954021201
954021201
954021201
954021201
954021201
934971269
982158409
982158409
982158409
982158409
982158409
982158409
982158409
982158409
982158409
982158409
982158409
982158409
982158409
982158409
982158409
982158409
982158409
982158409
982158409
982158409
982158409
982158409
982158409
982158409
982158409
982158409
982158409
982158409
982158409
982158409
982158409
982158409
982158409
850343108
850343108
850343108
956248767
956248767
956248767
956248767
956248767
956248767
956248767
956248767
956248767
956248767
956248767
956248767
956248767
956248767
956248767
956248767
956248767
956248767
956248767
956248767
956248767
956248767
956248767
956248767
956248767
956248767
956248767
956248767
956248767
956248767
956248767
956248767
956248767
956248767
956248767
956248767
956248767
956248767
956248767
956248767
956248767
956248767
956248767
956248767
956248767
967284035
967284035
967284035
967284035
967284035
967284035
967284035
967284035
967284035
967284035
967284035
967284035
967284035
967284035
967284035
967284035
967284035
967284035
967284035
967284035
967284035
967284035
967284035
967284035
967284035
967284035
967284035
967284035
967284035
967284035
967284035
967284035
967284035
967284035
967284035
967284035
967284035
967284035
967284035
967284035
967284035
967284035
967284035
967284035
967284035
967284035
967284035
967284035
967284035
967284035
967284035
967284035
967284035
967284035
967284035
967284035
967284035
967284035
967284035
967284035
967284035
967284035
967284035
967284035
967284035
967284035
926158347
926158347
926158347
926158347
926158347
926158347
948660485
948660485
948660485
948660485
948660485
948660485
948660485
948660485
948660485
948660485
948660485
948660485
948660485
948660485
948660485
948660485
948660485
948660485
948660485
948660485
948660485
948660485
948660485
948660485
948660485
948660485
948660485
948660485
948660485
948660485
948660485
948660485
948660485
948660485
948660485
948660485
948660485
948660485
948660485
948660485
948660485
948660485
948660485
948660485
948660485
948660485
948660485
948660485
948660485
948660485
948660485
948660485
948660485
948660485
948660485
948660485
948660485
948660485
948660485
948660485
948660485
948660485
948660485
948660485
985965338
985965338
985965338
985965338
985965338
985965338
985965338
985965338
985965338
985965338
985965338
985965338
985965338
985965338
985965338
985965338
985965338
985965338
985965338
985965338
985965338
985965338
985965338
985965338
985965338
985965338
985965338
985965338
985965338
985965338
985965338
985965338
985965338
985965338
985965338
985965338
985965338
985965338
985965338
985965338
985965338
985965338
985965338
985965338
985965338
985965338
985965338
985965338
985965338
985965338
985965338
985965338
985965338
985965338
985965338
985965338
985965338
985965338
985965338
985965338
985965338
985965338
985965338
985965338
985965338
985965338
985965338
985965338
985965338
938999713
938999713
938999713
941034000
941034000
941034000
941034000
941034000
941034000
941034000
941034000
941034000
941034000
941034000
941034000
941034000
941034000
941034000
941034000
941034000
941034000
941034000
941034000
941034000
941034000
941034000
941034000
941034000
941034000
941034000
941034000
941034000
941034000
941034000
941034000
941034000
941034000
941034000
941034000
941034000
941034000
941034000
941034000
941034000
941034000
941034000
941034000
941034000
941034000
941034000
970117411
970117411
970117411
970117411
970117411
970117411
970117411
970117411
970117411
970117411
970117411
970117411
970117411
970117411
970117411
970117411
970117411
970117411
970117411
970117411
970117411
970117411
970117411
970117411
970117411
970117411
970117411
970117411
970117411
970117411
970117411
970117411
970117411
970117411
970117411
970117411
970117411
970117411
970117411
970117411
970117411
970117411
970117411
970117411
970117411
970117411
970117411
970117411
881394215
912804560
912804560
912804560
912804560
912804560
912804560
912804560
912804560
912804560
912804560
912804560
912804560
912804560
912804560
912804560
912804560
912804560
944785266
944785266
944785266
944785266
944785266
944785266
944785266
944785266
944785266
944785266
944785266
944785266
944785266
944785266
944785266
944785266
944785266
944785266
944785266
944785266
944785266
944785266
944785266
944785266
944785266
944785266
944785266
944785266
944785266
944785266
944785266
944785266
944785266
944785266
944785266
944785266
944785266
944785266
944785266
944785266
944785266
944785266
910923269
910923269
910923269
910923269
910923269
910923269
910923269
910923269
910923269
910923269
910923269
910923269
910923269
910923269
910923269
910923269
910923269
910923269
910923269
910923269
910923269
754288361
754288361
754288361
754288361
754288361
754288361
754288361
754288361
754288361
754288361
718505338
968160128
968160128
968160128
968160128
968160128
968160128
968160128
968160128
968160128
968160128
968160128
968160128
981123919
981123919
981123919
981123919
981123919
981123919
981123919
981123919
981123919
981123919
981123919
981123919
981123919
981123919
981123919
885602136
885602136
885602136
898249597
898249597
898249597
898249597
898249597
898249597
898249597
927315617
927315617
927315617
927315617
927315617
927315617
927315617
927315617
927315617
927315617
927315617
927315617
927315617
927315617
927315617
927315617
927315617
927315617
489096291
489096291
489096291
489096291
489096291
489096291
489096291
489096291
489096291
489096291
489096291
489096291
489096291
305666456
-77618224
-77618224
-77618224
-77618224
-77618224
-77618224
-77618224
525281561
525281561
525281561
525281561
525281561
525281561
525281561
525281561
525281561
525281561
525281561
525281561
525281561
525281561
525281561
525281561
353780940
353780940
353780940
353780940
353780940
839071713
839071713
839071713
839071713
839071713
839071713
839071713
839071713
839071713
839071713
839071713
839071713
839071713
839071713
839071713
631233413
631233413
631233413
631233413
631233413
631233413
631233413
631233413
631233413
631233413
631233413
631233413
631233413
631233413
738490371
738490371
738490371
738490371
738490371
738490371
738490371
738490371
738490371
738490371
738490371
738490371
738490371
738490371
738490371
738490371
738490371
738490371
766446932
766446932
766446932
766446932
766446932
766446932
766446932
796814683
796814683
796814683
886580380
886580380
886580380
886580380
886580380
886580380
886580380
886580380
886580380
886580380
886580380
886580380
886580380
886580380
886580380
886580380
886580380
886580380
886580380
886580380
886580380
886580380
886580380
886580380
886580380
738933970
738933970
738933970
666402283
533652600
533652600
845290796
845290796
845290796
955231315
955231315
955231315
955231315
955231315
955231315
955231315
955231315
955231315
955231315
955231315
955231315
955231315
955231315
955231315
955231315
955231315
955231315
955231315
955231315
955231315
955231315
955231315
955231315
851573557
851573557
851573557
851573557
851573557
851573557
851573557
662501191
662501191
662501191
662501191
662501191
662501191
662501191
662501191
662501191
662501191
662501191
662501191
662501191
662501191
656155805
656155805
723519927
723519927
723519927
723519927
723519927
723519927
723519927
723519927
723519927
723519927
723519927
723519927
723519927
723519927
723519927
723519927
723519927
723519927
723519927
723519927
816223129
852093953
852093953
852093953
852093953
852093953
852093953
852093953
852093953
852093953
852093953
852093953
852093953
852093953
852093953
852093953
852093953
852093953
852093953
852093953
852093953
852093953
852093953
852093953
852093953
852093953
852093953
852093953
852093953
852093953
852093953
893983271
893983271
893983271
893983271
893983271
893983271
893983271
893983271
893983271
893983271
951969438
951969438
951969438
951969438
951969438
951969438
951969438
951969438
951969438
951969438
951969438
951969438
951969438
951969438
951969438
951969438
951969438
951969438
951969438
951969438
951969438
951969438
951969438
951969438
951969438
951969438
951969438
951969438
951969438
951969438
951969438
951969438
951969438
951969438
951969438
951969438
951969438
951969438
951969438
951969438
951969438
951969438
951969438
951969438
951969438
951969438
951969438
951969438
951969438
951969438
951969438
951969438
951969438
951969438
951969438
951969438
885811140
885811140
885811140
885811140
885811140
885811140
885811140
885811140
885811140
885811140
885811140
885811140
885811140
885811140
885811140
885811140
885811140
885811140
885811140
885811140
885811140
885811140
885811140
885811140
885811140
885811140
848728471
848728471
848728471
848728471
848728471
848728471
848728471
848728471
848728471
848728471
848728471
848728471
865056209
865056209
865056209
865056209
865056209
865056209
865056209
865056209
865056209
865056209
865056209
865056209
865056209
865056209
865056209
865056209
865056209
865056209
865056209
865056209
865056209
865056209
865056209
865056209
865056209
865056209
865056209
865056209
865056209
865056209
865056209
865056209
865056209
865056209
865056209
865056209
865056209
865056209
865056209
865056209
865056209
865056209
865056209
865056209
865056209
865056209
865056209
865056209
865056209
865056209
865056209
865056209
865056209
865056209
865056209
865056209
865056209
865056209
865056209
865056209
865056209
865056209
865056209
865056209
865056209
842507741
842507741
842507741
842507741
842507741
842507741
842507741
842507741
842507741
952494825
952494825
979361637
979361637
979361637
979361637
979361637
979361637
979361637
979361637
979361637
979361637
979361637
979361637
979361637
979361637
979361637
979361637
979361637
979361637
979361637
979361637
979361637
979361637
979361637
979361637
979361637
979361637
979361637
979361637
979361637
979361637
979361637
979361637
979361637
979361637
979361637
979361637
979361637
979361637
979361637
979361637
979361637
979361637
979361637
979361637
979361637
979361637
979361637
979361637
979361637
979361637
979361637
979361637
979361637
979361637
979361637
979361637
979361637
979361637
979361637
979361637
979361637
979361637
979361637
979361637
979361637
979361637
979361637
979361637
979361637
979361637
979361637
979361637
979361637
979361637
979361637
979361637
902684778
902684778
902684778
902684778
902684778
902684778
902684778
902684778
902684778
902684778
902684778
902684778
902684778
902684778
902684778
902684778
902684778
902684778
902684778
902684778
902684778
902684778
902684778
902684778
897489135
897489135
897489135
897489135
897489135
897489135
897489135
897489135
897489135
897489135
897489135
897489135
897489135
897489135
897489135
897489135
897489135
897489135
897489135
897489135
827132016
827132016
827132016
827132016
827132016
827132016
827132016
827132016
827132016
827132016
827132016
827132016
827132016
827132016
827132016
827132016
827132016
699698202
699698202
699698202
699698202
699698202
699698202
699698202
699698202
699698202
699698202
699698202
699698202
699698202
941281252
941281252
941281252
941281252
941281252
941281252
941281252
941281252
941281252
941281252
941281252
941281252
941281252
941281252
941281252
941281252
941281252
941281252
941281252
941281252
941281252
941281252
941281252
941281252
941281252
941281252
941281252
941281252
941281252
941281252
941281252
941281252
941281252
941281252
941281252
941281252
941281252
941281252
941281252
941281252
941281252
941281252
941281252
941281252
941281252
941281252
941281252
941281252
941281252
941281252
941281252
941281252
941281252
941281252
941281252
941281252
941281252
941281252
941281252
941281252
941281252
941281252
941281252
941281252
941281252
941281252
941281252
941281252
941281252
941281252
941281252
941281252
941281252
941281252
941281252
941281252
941281252
941281252
941281252
941281252
941281252
941281252
941281252
871906389
871906389
871906389
871906389
871906389
871906389
871906389
871906389
871906389
932767887
932767887
932767887
932767887
932767887
932767887
932767887
932767887
932767887
932767887
932767887
932767887
932767887
932767887
932767887
932767887
932767887
932767887
932767887
932767887
932767887
932767887
932767887
932767887
932767887
932767887
932767887
932767887
932767887
932767887
932767887
932767887
932767887
932767887
932767887
932767887
932767887
932767887
932767887
932767887
932767887
932767887
932767887
932767887
932767887
932767887
932767887
932767887
932767887
932767887
932767887
932767887
932767887
932767887
932767887
932767887
932767887
932767887
932767887
932767887
932767887
932767887
932767887
932767887
932767887
932767887
932767887
932767887
932767887
932767887
932767887
932767887
932767887
932767887
932767887
932767887
932767887
932767887
932767887
932767887
932767887
932767887
932767887
932767887
932767887
932767887
932767887
932767887
932767887
920002863
920002863
920002863
920002863
854579531
854579531
854579531
854579531
854579531
854579531
854579531
854579531
854579531
854579531
854579531
854579531
854579531
854579531
854579531
854579531
854579531
854579531
854579531
854579531
854579531
854579531
854579531
854579531
854579531
854579531
854579531
854579531
854579531
854579531
854579531
854579531
854579531
854579531
905949705
905949705
905949705
905949705
905949705
905949705
905949705
905949705
905949705
905949705
905949705
905949705
905949705
905949705
905949705
905949705
905949705
905949705
905949705
905949705
905949705
905949705
994999571
994999571
994999571
994999571
994999571
994999571
994999571
994999571
994999571
994999571
994999571
994999571
994999571
994999571
994999571
994999571
994999571
994999571
994999571
994999571
994999571
994999571
994999571
994999571
994999571
994999571
994999571
994999571
994999571
994999571
994999571
994999571
994999571
994999571
994999571
994999571
994999571
994999571
994999571
994999571
994999571
994999571
994999571
994999571
994999571
994999571
994999571
994999571
994999571
994999571
994999571
994999571
994999571
994999571
994999571
994999571
994999571
994999571
994999571
994999571
994999571
994999571
994999571
994999571
994999571
994999571
994999571
994999571
994999571
994999571
994999571
994999571
994999571
994999571
994999571
994999571
994999571
994999571
994999571
994999571
994999571
994999571
994999571
994999571
994999571
994999571
994999571
994999571
967389858
967389858
967389858
967389858
967389858
967389858
967389858
967389858
967389858
967389858
967389858
967389858
967389858
967389858
967389858
816412395
816412395
816412395
816412395
816412395
816412395
816412395
816412395
816412395
816412395
816412395
816412395
816412395
816412395
816412395
816412395
816412395
816412395
816412395
816412395
816412395
816412395
816412395
816412395
816412395
816412395
816412395
816412395
816412395
816412395
816412395
816412395
816412395
816412395
816412395
816412395
816412395
816412395
816412395
816412395
816412395
816412395
816412395
816412395
816412395
816412395
816412395
816412395
816412395
816412395
816412395
816412395
864102169
864102169
864102169
864102169
864102169
864102169
864102169
864102169
864102169
864102169
864102169
864102169
864102169
864102169
993942656
993942656
993942656
993942656
993942656
993942656
993942656
993942656
993942656
993942656
993942656
993942656
993942656
993942656
993942656
993942656
993942656
993942656
993942656
993942656
993942656
993942656
993942656
993942656
993942656
993942656
993942656
993942656
993942656
993942656
993942656
993942656
993942656
993942656
993942656
993942656
993942656
993942656
993942656
993942656
993942656
993942656
993942656
993942656
993942656
993942656
993942656
993942656
993942656
993942656
993942656
993942656
993942656
993942656
993942656
993942656
993942656
993942656
993942656
993942656
993942656
993942656
993942656
993942656
993942656
993942656
993942656
993942656
993942656
993942656
993942656
993942656
993942656
993942656
993942656
993942656
993942656
993942656
993942656
993942656
993942656
993942656
993942656
993942656
993942656
993942656
993942656
993942656
993942656
993942656
993942656
993942656
993942656
993942656
978561365
978561365
978561365
978561365
978561365
978561365
978561365
978561365
978561365
978561365
978561365
978561365
978561365
978561365
978561365
978561365
978561365
978561365
978561365
978561365
978561365
978561365
978561365
978561365
978561365
978561365
978561365
978561365
978561365
978561365
978561365
978561365
978561365
978561365
978561365
978561365
978561365
978561365
978561365
978561365
978561365
978561365
978561365
978561365
978561365
978561365
978561365
978561365
978561365
978561365
978561365
978561365
978561365
978561365
978561365
978561365
978561365
978561365
978561365
978561365
757892015
757892015
757892015
757892015
757892015
545924550
545924550
545924550
545924550
545924550
545924550
545924550
545924550
545924550
545924550
545924550
545924550
545924550
545924550
545924550
519808394
519808394
519808394
519808394
519808394
519808394
-183377927
-951718630
